<?xml version="1.0" encoding="UTF-8"?>
<!-- Generated by org.testng.reporters.JUnitXMLReporter -->
<testsuite hostname="DESKTOP-SDHJL4S" ignored="1" name="Niki-Android_App_English" tests="26" failures="1" timestamp="03 Sep 2019 11:05:52 GMT" time="338.533" errors="0">
  <testcase name="verifyHomePage" time="5.302" classname="com.Niki_Old.TestCases.Login"/>
  <testcase name="verifyLanguageLelection" time="2.807" classname="com.Niki_Old.TestCases.Login"/>
  <testcase name="verifyTextBoxEditable" time="20.064" classname="com.Niki_Old.TestCases.Login"/>
  <testcase name="verifyValidPhoneNumberEntry" time="11.635" classname="com.Niki_Old.TestCases.Login"/>
  <testcase name="verifySubmitBtnEnable" time="0.531" classname="com.Niki_Old.TestCases.Login"/>
  <testcase name="verifyClickSubmitBtn" time="0.197" classname="com.Niki_Old.TestCases.Login"/>
  <testcase name="verifyOTPEnterPageHeader" time="1.838" classname="com.Niki_Old.TestCases.Login"/>
  <testcase name="verifyGetOtpCallBtn" time="35.114" classname="com.Niki_Old.TestCases.Login"/>
  <testcase name="verifyCallingYou" time="0.915" classname="com.Niki_Old.TestCases.Login"/>
  <testcase name="verifyTroubleSignLink" time="9.078" classname="com.Niki_Old.TestCases.Login"/>
  <testcase name="verifyNonNumericOTP" time="10.419" classname="com.Niki_Old.TestCases.Login"/>
  <testcase name="verifyWrongOTP" time="11.664" classname="com.Niki_Old.TestCases.Login"/>
  <testcase name="verifyClickEditSymbol" time="0.651" classname="com.Niki_Old.TestCases.Login"/>
  <testcase name="verifyReEnterPhNo" time="18.255" classname="com.Niki_Old.TestCases.Login"/>
  <testcase name="verifyCorrectOTP" time="13.78" classname="com.Niki_Old.TestCases.Login"/>
  <testcase name="verifyGetStartedScreen" time="3.189" classname="com.Niki_Old.TestCases.Login"/>
  <testcase name="verifyDeviceLocationPopup" time="0.769" classname="com.Niki_Old.TestCases.Login"/>
  <testcase name="verifyLocationAllowBtn" time="24.334" classname="com.Niki_Old.TestCases.Login"/>
  <testcase name="verifyAllowAppPopup" time="68.234" classname="com.Niki_Old.TestCases.Login"/>
  <testcase name="verifyAboutLink" time="9.51" classname="com.Niki_Old.TestCases.AboutAndUpdate"/>
  <testcase name="verifyAboutPageElements" time="0.348" classname="com.Niki_Old.TestCases.AboutAndUpdate"/>
  <testcase name="verifyHowNikiWorksLink" time="9.985" classname="com.Niki_Old.TestCases.AboutAndUpdate"/>
  <testcase name="verifyTermsAndConditionLink" time="11.873" classname="com.Niki_Old.TestCases.AboutAndUpdate"/>
  <testcase name="verifyPartnerLink" time="21.899" classname="com.Niki_Old.TestCases.AboutAndUpdate"/>
  <testcase name="verifyUpdate" time="1.669" classname="com.Niki_Old.TestCases.AboutAndUpdate"/>
  <testcase name="verifyAboutLinkFunctionality" time="25.943" classname="com.Niki_Old.TestCases.AboutAndUpdate">
    <failure type="java.lang.AssertionError" message="The following asserts failed:
	expected [Niki: Online Recharge, Utility Bill Payment &amp;amp; more] but found [Niki: Online Recharges, Bill Payments &amp;amp; more]">
      <![CDATA[java.lang.AssertionError: The following asserts failed:
expected [Niki: Online Recharge, Utility Bill Payment & more] but found [Niki: Online Recharges, Bill Payments & more]
at org.testng.asserts.SoftAssert.assertAll(SoftAssert.java:43)
at com.Niki_Old.TestCases.AboutAndUpdate.verifyAboutLinkFunctionality(AboutAndUpdate.java:196)
at sun.reflect.NativeMethodAccessorImpl.invoke0(Native Method)
at sun.reflect.NativeMethodAccessorImpl.invoke(Unknown Source)
at sun.reflect.DelegatingMethodAccessorImpl.invoke(Unknown Source)
at java.lang.reflect.Method.invoke(Unknown Source)
at org.testng.internal.MethodInvocationHelper.invokeMethod(MethodInvocationHelper.java:124)
at org.testng.internal.Invoker.invokeMethod(Invoker.java:583)
at org.testng.internal.Invoker.invokeTestMethod(Invoker.java:719)
at org.testng.internal.Invoker.invokeTestMethods(Invoker.java:989)
at org.testng.internal.TestMethodWorker.invokeTestMethods(TestMethodWorker.java:125)
at org.testng.internal.TestMethodWorker.run(TestMethodWorker.java:109)
at org.testng.TestRunner.privateRun(TestRunner.java:648)
at org.testng.TestRunner.run(TestRunner.java:505)
at org.testng.SuiteRunner.runTest(SuiteRunner.java:455)
at org.testng.SuiteRunner.access$000(SuiteRunner.java:40)
at org.testng.SuiteRunner$SuiteWorker.run(SuiteRunner.java:489)
at org.testng.internal.thread.ThreadUtil$1.call(ThreadUtil.java:52)
at java.util.concurrent.FutureTask.run(Unknown Source)
at java.util.concurrent.ThreadPoolExecutor.runWorker(Unknown Source)
at java.util.concurrent.ThreadPoolExecutor$Worker.run(Unknown Source)
at java.lang.Thread.run(Unknown Source)
]]>
    </failure>
  </testcase> <!-- verifyAboutLinkFunctionality -->
  <testcase name="@BeforeTest initApplication" time="0.0" classname="com.Niki_Old.AutomationConstants.BaseTest">
    <ignored/>
  </testcase> <!-- @BeforeTest initApplication -->
</testsuite> <!-- Niki-Android_App_English -->
