<?xml version="1.0" encoding="UTF-8"?>
<!-- Generated by org.testng.reporters.JUnitXMLReporter -->
<testsuite hostname="DESKTOP-SDHJL4S" ignored="0" name="Default test" tests="7" failures="1" timestamp="03 Sep 2019 10:00:31 GMT" time="149.767" errors="0">
  <testcase name="verifyAboutLink" time="10.32" classname="com.Niki_Old.TestCases.AboutAndUpdate"/>
  <testcase name="verifyAboutPageElements" time="0.363" classname="com.Niki_Old.TestCases.AboutAndUpdate"/>
  <testcase name="verifyHowNikiWorksLink" time="8.723" classname="com.Niki_Old.TestCases.AboutAndUpdate"/>
  <testcase name="verifyTermsAndConditionLink" time="10.69" classname="com.Niki_Old.TestCases.AboutAndUpdate"/>
  <testcase name="verifyPartnerLink" time="46.154" classname="com.Niki_Old.TestCases.AboutAndUpdate"/>
  <testcase name="verifyUpdate" time="7.476" classname="com.Niki_Old.TestCases.AboutAndUpdate"/>
  <testcase name="verifyAboutLinkFunctionality" time="50.074" classname="com.Niki_Old.TestCases.AboutAndUpdate">
    <failure type="java.lang.AssertionError" message="The following asserts failed:
	expected [Niki: Online Recharge, Utility Bill Payment &amp;amp; more] but found [Niki: Online Recharges, Bill Payments &amp;amp; more]">
      <![CDATA[java.lang.AssertionError: The following asserts failed:
expected [Niki: Online Recharge, Utility Bill Payment & more] but found [Niki: Online Recharges, Bill Payments & more]
at org.testng.asserts.SoftAssert.assertAll(SoftAssert.java:43)
at com.Niki_Old.TestCases.AboutAndUpdate.verifyAboutLinkFunctionality(AboutAndUpdate.java:196)
at sun.reflect.NativeMethodAccessorImpl.invoke0(Native Method)
at sun.reflect.NativeMethodAccessorImpl.invoke(Unknown Source)
at sun.reflect.DelegatingMethodAccessorImpl.invoke(Unknown Source)
at java.lang.reflect.Method.invoke(Unknown Source)
at org.testng.internal.MethodInvocationHelper.invokeMethod(MethodInvocationHelper.java:124)
at org.testng.internal.Invoker.invokeMethod(Invoker.java:583)
at org.testng.internal.Invoker.invokeTestMethod(Invoker.java:719)
at org.testng.internal.Invoker.invokeTestMethods(Invoker.java:989)
at org.testng.internal.TestMethodWorker.invokeTestMethods(TestMethodWorker.java:125)
at org.testng.internal.TestMethodWorker.run(TestMethodWorker.java:109)
at org.testng.TestRunner.privateRun(TestRunner.java:648)
at org.testng.TestRunner.run(TestRunner.java:505)
at org.testng.SuiteRunner.runTest(SuiteRunner.java:455)
at org.testng.SuiteRunner.runSequentially(SuiteRunner.java:450)
at org.testng.SuiteRunner.privateRun(SuiteRunner.java:415)
at org.testng.SuiteRunner.run(SuiteRunner.java:364)
at org.testng.SuiteRunnerWorker.runSuite(SuiteRunnerWorker.java:52)
at org.testng.SuiteRunnerWorker.run(SuiteRunnerWorker.java:84)
at org.testng.TestNG.runSuitesSequentially(TestNG.java:1208)
at org.testng.TestNG.runSuitesLocally(TestNG.java:1137)
at org.testng.TestNG.runSuites(TestNG.java:1049)
at org.testng.TestNG.run(TestNG.java:1017)
at org.testng.remote.AbstractRemoteTestNG.run(AbstractRemoteTestNG.java:115)
at org.testng.remote.RemoteTestNG.initAndRun(RemoteTestNG.java:251)
at org.testng.remote.RemoteTestNG.main(RemoteTestNG.java:77)
]]>
    </failure>
  </testcase> <!-- verifyAboutLinkFunctionality -->
</testsuite> <!-- Default test -->
